  functions.cpp
E:\BPC_IBE_1\PC1T\project_4\project_4\project_4\functions.cpp(300,9): warning C4476: 'printf' : unknown type field character '(' in format specifier
E:\BPC_IBE_1\PC1T\project_4\project_4\project_4\functions.cpp(24,7): warning C4101: 'vyber': unreferenced local variable
E:\BPC_IBE_1\PC1T\project_4\project_4\project_4\functions.cpp(408,6): warning C4101: 'value': unreferenced local variable
E:\BPC_IBE_1\PC1T\project_4\project_4\project_4\functions.cpp(407,6): warning C4101: 'counter': unreferenced local variable
E:\BPC_IBE_1\PC1T\project_4\project_4\project_4\functions.cpp(406,7): warning C4101: 'chek_login1': unreferenced local variable
E:\BPC_IBE_1\PC1T\project_4\project_4\project_4\functions.cpp(458,6): warning C4101: 'counter': unreferenced local variable
E:\BPC_IBE_1\PC1T\project_4\project_4\project_4\functions.cpp(459,6): warning C4101: 'count_file_scan': unreferenced local variable
E:\BPC_IBE_1\PC1T\project_4\project_4\project_4\functions.cpp(681,7): warning C4101: 'bod': unreferenced local variable
E:\BPC_IBE_1\PC1T\project_4\project_4\project_4\functions.cpp(680,7): warning C4101: 'buf': unreferenced local variable
E:\BPC_IBE_1\PC1T\project_4\project_4\project_4\functions.cpp(711,9): warning C4566: character represented by universal-character-name '\u00ED' cannot be represented in the current code page (1251)
E:\BPC_IBE_1\PC1T\project_4\project_4\project_4\functions.cpp(725,9): warning C4566: character represented by universal-character-name '\u00ED' cannot be represented in the current code page (1251)
E:\BPC_IBE_1\PC1T\project_4\project_4\project_4\functions.cpp(726,9): warning C4566: character represented by universal-character-name '\u011B' cannot be represented in the current code page (1251)
E:\BPC_IBE_1\PC1T\project_4\project_4\project_4\functions.cpp(726,9): warning C4566: character represented by universal-character-name '\u00ED' cannot be represented in the current code page (1251)
E:\BPC_IBE_1\PC1T\project_4\project_4\project_4\functions.cpp(728,9): warning C4566: character represented by universal-character-name '\u00ED' cannot be represented in the current code page (1251)
E:\BPC_IBE_1\PC1T\project_4\project_4\project_4\functions.cpp(729,9): warning C4473: 'printf' : not enough arguments passed for format string
E:\BPC_IBE_1\PC1T\project_4\project_4\project_4\functions.cpp(729,9): message : placeholders and their parameters expect 2 variadic arguments, but 1 were provided
E:\BPC_IBE_1\PC1T\project_4\project_4\project_4\functions.cpp(729,9): message : the missing variadic argument 2 is required by format string '%10c'
E:\BPC_IBE_1\PC1T\project_4\project_4\project_4\functions.cpp(702,9): warning C4101: 'k': unreferenced local variable
E:\BPC_IBE_1\PC1T\project_4\project_4\project_4\functions.cpp(753,7): warning C4101: 'answer': unreferenced local variable
E:\BPC_IBE_1\PC1T\project_4\project_4\project_4\functions.cpp(814,7): warning C4101: 'question_file': unreferenced local variable
E:\BPC_IBE_1\PC1T\project_4\project_4\project_4\functions.cpp(809,7): warning C4101: 'word': unreferenced local variable
E:\BPC_IBE_1\PC1T\project_4\project_4\project_4\functions.cpp(863,7): warning C4101: 'word': unreferenced local variable
E:\BPC_IBE_1\PC1T\project_4\project_4\project_4\functions.cpp(859): warning C4715: 'navigace_riskuj': not all control paths return a value
E:\BPC_IBE_1\PC1T\project_4\project_4\project_4\functions.cpp(916): warning C4715: 'navigace_body': not all control paths return a value
  project_4.vcxproj -> E:\BPC_IBE_1\PC1T\project_4\project_4\x64\Debug\project_4.exe
